[debug] > Exec(early(addDefaultCommands), None, None)
[debug] > Exec(addDefaultCommands, None, None)
[debug] > Exec(early(initialize), None, None)
[debug] > Exec(initialize, None, None)
[debug] > Exec(early(addPluginSbtFile="""C:\Users\user\AppData\Local\Temp\idea8583.sbt"""), None, None)
[debug] > Exec(addPluginSbtFile="""C:\Users\user\AppData\Local\Temp\idea8583.sbt""", None, None)
[debug] > Exec(boot, None, None)
[debug] > Exec(writeSbtVersion, None, None)
[debug] > Exec(reload, None, None)
[debug] > Exec(sbtStashOnFailure, None, None)
[debug] > Exec(onFailure loadFailed, None, None)
[debug] > Exec(loadp, None, None)
[info] welcome to sbt 1.10.0 (Eclipse Adoptium Java 17)
[debug] Load.defaultLoad until apply took 128.5665ms
[debug]           Load.loadUnit: plugins took 140.4188ms
[debug]           Load.loadUnit: defsScala took 0.4277ms
[debug] [Loading] Scanning directory D:\Onedrive\OneDrive - AL-Hussien bin Abdullah Technical University\0-\Desktop\Codes\Pipeline\project
[debug]             Load.loadUnit: mkEval took 7.9404ms
[debug] [Loading] Found non-root projects 
[debug] [Loading] Done in D:\Onedrive\OneDrive - AL-Hussien bin Abdullah Technical University\0-\Desktop\Codes\Pipeline\project, returning: ()
[debug] deducing auto plugins based on known facts Set(Atom(sbt.plugins.CorePlugin)) and clauses Clauses(Clause(Atom(sbt.plugins.JvmPlugin),Set(Atom(sbt.plugins.IvyPlugin)))
[debug] Clause(Atom(sbt.ScriptedPlugin),Set(Atom(sbt.plugins.JvmPlugin)))
[debug] Clause(Atom(sbt.plugins.SbtPlugin),Set(Atom(sbt.ScriptedPlugin)))
[debug] Clause(Atom(sbt.plugins.SemanticdbPlugin),Set(Atom(sbt.plugins.JvmPlugin)))
[debug] Clause(Atom(sbt.plugins.JUnitXmlReportPlugin),Set(Atom(sbt.plugins.JvmPlugin)))
[debug] Clause(Atom(sbt.plugins.MiniDependencyTreePlugin),Set(Atom(sbt.plugins.JvmPlugin)))
[debug] Clause(Atom(sbt.plugins.CorePlugin),Set(Atom(sbt.plugins.IvyPlugin)))
[debug] Clause(Atom(sbt.plugins.IvyPlugin),Set(Atom(sbt.plugins.JvmPlugin)))
[debug] Clause(Atom(sbt.plugins.JvmPlugin),Set(Atom(sbt.plugins.SemanticdbPlugin)))
[debug] Clause(Atom(sbt.plugins.JvmPlugin),Set(Atom(sbt.plugins.JUnitXmlReportPlugin)))
[debug] Clause(Atom(sbt.plugins.CorePlugin),Set(Atom(sbt.plugins.Giter8TemplatePlugin)))
[debug] Clause(Atom(sbt.plugins.JvmPlugin),Set(Atom(sbt.plugins.MiniDependencyTreePlugin))))
[debug]   :: deduced result: Matched(sbt.plugins.CorePlugin,sbt.plugins.Giter8TemplatePlugin,sbt.plugins.IvyPlugin,sbt.plugins.JvmPlugin,sbt.plugins.MiniDependencyTreePlugin,sbt.plugins.JUnitXmlReportPlugin,sbt.plugins.SemanticdbPlugin)
[debug] Plugins.deducer#function took 21.3919 ms
[info] loading settings for project pipeline-build from idea8583.sbt ...
[debug]               Load.resolveProject(pipeline-build) took 45.553ms
[debug]             Load.loadTransitive: finalizeProject(Project(id pipeline-build, base: D:\Onedrive\OneDrive - AL-Hussien bin Abdullah Technical University\0-\Desktop\Codes\Pipeline\project, plugins: List(<none>))) took 87.7544ms
[debug] [Loading] Done in D:\Onedrive\OneDrive - AL-Hussien bin Abdullah Technical University\0-\Desktop\Codes\Pipeline\project, returning: (pipeline-build)
[debug]           Load.loadUnit: loadedProjectsRaw took 399.6061ms
[debug]           Load.loadUnit: cleanEvalClasses took 6.7557ms
[debug]         Load.loadUnit(file:/D:/Onedrive/OneDrive%20-%20AL-Hussien%20bin%20Abdullah%20Technical%20University/0-/Desktop/Codes/Pipeline/project/, ...) took 554.1838ms
[debug]       Load.apply: load took 691.5098ms
[debug]       Load.apply: resolveProjects took 5.7353ms
[debug]       Load.apply: finalTransforms took 84.5787ms
[debug]       Load.apply: config.delegates took 8.2022ms
[debug]       Load.apply: Def.make(settings)... took 446.4775ms
[debug]       Load.apply: structureIndex took 95.3143ms
[debug]       Load.apply: mkStreams took 2.5518ms
[info] loading project definition from D:\Onedrive\OneDrive - AL-Hussien bin Abdullah Technical University\0-\Desktop\Codes\Pipeline\project
[debug] Running task... Cancel: Signal, check cycles: false, forcegc: true
[debug]     Load.loadUnit: plugins took 2970.903ms
[debug]     Load.loadUnit: defsScala took 0.002ms
[debug] [Loading] Scanning directory D:\Onedrive\OneDrive - AL-Hussien bin Abdullah Technical University\0-\Desktop\Codes\Pipeline
[debug]       Load.loadUnit: mkEval took 9.6227ms
[debug] [Loading] Found root project root w/ remaining 
[debug] deducing auto plugins based on known facts Set(Atom(sbt.plugins.CorePlugin)) and clauses Clauses(Clause(Atom(sbt.plugins.JvmPlugin),Set(Atom(sbt.plugins.IvyPlugin)))
[debug] Clause(Atom(sbt.ScriptedPlugin),Set(Atom(sbt.plugins.JvmPlugin)))
[debug] Clause(Atom(sbt.plugins.SbtPlugin),Set(Atom(sbt.ScriptedPlugin)))
[debug] Clause(Atom(sbt.plugins.SemanticdbPlugin),Set(Atom(sbt.plugins.JvmPlugin)))
[debug] Clause(Atom(sbt.plugins.JUnitXmlReportPlugin),Set(Atom(sbt.plugins.JvmPlugin)))
[debug] Clause(Atom(sbt.plugins.MiniDependencyTreePlugin),Set(Atom(sbt.plugins.JvmPlugin)))
[debug] Clause(Atom(org.jetbrains.sbt.StructurePlugin),Set(Atom(sbt.plugins.JvmPlugin)))
[debug] Clause(Atom(org.jetbrains.sbt.IdeaShellPlugin),Set(Atom(sbt.plugins.JvmPlugin)))
[debug] Clause(Atom(org.jetbrains.sbt.indices.SbtIntellijIndicesPlugin),Set(Atom(sbt.plugins.JvmPlugin)))
[debug] Clause(Atom(sbt.plugins.CorePlugin),Set(Atom(sbt.plugins.IvyPlugin)))
[debug] Clause(Atom(sbt.plugins.IvyPlugin),Set(Atom(sbt.plugins.JvmPlugin)))
[debug] Clause(Atom(sbt.plugins.JvmPlugin),Set(Atom(sbt.plugins.SemanticdbPlugin)))
[debug] Clause(Atom(sbt.plugins.JvmPlugin),Set(Atom(sbt.plugins.JUnitXmlReportPlugin)))
[debug] Clause(Atom(sbt.plugins.CorePlugin),Set(Atom(sbt.plugins.Giter8TemplatePlugin)))
[debug] Clause(Atom(sbt.plugins.JvmPlugin),Set(Atom(sbt.plugins.MiniDependencyTreePlugin)))
[debug] Clause(Atom(sbt.plugins.JvmPlugin),Set(Atom(org.jetbrains.sbt.StructurePlugin)))
[debug] Clause(Atom(sbt.plugins.JvmPlugin),Set(Atom(org.jetbrains.sbt.IdeaShellPlugin)))
[debug] Clause(And(Set(Atom(sbt.plugins.CorePlugin), Atom(sbt.plugins.JvmPlugin))),Set(Atom(org.jetbrains.sbt.indices.SbtIntellijIndicesPlugin))))
[debug]   :: deduced result: Matched(sbt.plugins.CorePlugin,sbt.plugins.Giter8TemplatePlugin,sbt.plugins.IvyPlugin,sbt.plugins.JvmPlugin,sbt.plugins.SemanticdbPlugin,org.jetbrains.sbt.indices.SbtIntellijIndicesPlugin,sbt.plugins.JUnitXmlReportPlugin,org.jetbrains.sbt.IdeaShellPlugin,org.jetbrains.sbt.StructurePlugin,sbt.plugins.MiniDependencyTreePlugin)
[debug] Plugins.deducer#function took 2.4503 ms
[info] loading settings for project root from build.sbt ...
[debug]         Load.resolveProject(root) took 27.5135ms
[debug]       Load.loadTransitive: finalizeProject(Project(id root, base: D:\Onedrive\OneDrive - AL-Hussien bin Abdullah Technical University\0-\Desktop\Codes\Pipeline, plugins: List(<none>))) took 31.9706ms
[debug] [Loading] Done in D:\Onedrive\OneDrive - AL-Hussien bin Abdullah Technical University\0-\Desktop\Codes\Pipeline, returning: (root)
[debug]     Load.loadUnit: loadedProjectsRaw took 3570.546ms
[debug]     Load.loadUnit: cleanEvalClasses took 50.7131ms
[debug]   Load.loadUnit(file:/D:/Onedrive/OneDrive%20-%20AL-Hussien%20bin%20Abdullah%20Technical%20University/0-/Desktop/Codes/Pipeline/, ...) took 6595.1378ms
[debug] Load.apply: load took 6633.852ms
[debug] Load.apply: resolveProjects took 0.121ms
[debug] Load.apply: finalTransforms took 70.4436ms
[debug] Load.apply: config.delegates took 0.4426ms
[debug] Load.apply: Def.make(settings)... took 91.5405ms
[debug] Load.apply: structureIndex took 36.968ms
[debug] Load.apply: mkStreams took 0.0026ms
[info] set current project to Pipeline (in build file:/D:/Onedrive/OneDrive%20-%20AL-Hussien%20bin%20Abdullah%20Technical%20University/0-/Desktop/Codes/Pipeline/)
[debug] > Exec(sbtPopOnFailure, None, None)
[debug] > Exec(resumeFromFailure, None, None)
[debug] > Exec(notifyUsersAboutShell, None, None)
[debug] > Exec(iflast shell, None, None)
[debug] > Exec(; set ideaPort in Global := 52365 ; idea-shell, None, None)
[debug] > Exec(set ideaPort in Global := 52365, None, None)
[info] Defining Global / ideaPort
[info] The new value will be used by Compile / compile, Test / compile
[debug] Defining 
[debug] 	Global / ideaPort
[debug] 
[debug] The new value will be used by 
[debug] 	Compile / compile
[debug] 	Test / compile
[info] Reapplying settings...
[info] set current project to Pipeline (in build file:/D:/Onedrive/OneDrive%20-%20AL-Hussien%20bin%20Abdullah%20Technical%20University/0-/Desktop/Codes/Pipeline/)
[debug] > Exec(idea-shell, None, None)
