[debug] > Exec(early(addDefaultCommands), None, None)
[debug] > Exec(addDefaultCommands, None, None)
[debug] > Exec(early(initialize), None, None)
[debug] > Exec(initialize, None, None)
[debug] > Exec(early(addPluginSbtFile="""C:\Users\user\AppData\Local\Temp\idea.sbt"""), None, None)
[debug] > Exec(addPluginSbtFile="""C:\Users\user\AppData\Local\Temp\idea.sbt""", None, None)
[debug] > Exec(boot, None, None)
[debug] > Exec(writeSbtVersion, None, None)
[debug] > Exec(reload, None, None)
[debug] > Exec(sbtStashOnFailure, None, None)
[debug] > Exec(onFailure loadFailed, None, None)
[debug] > Exec(loadp, None, None)
[info] welcome to sbt 1.10.0 (Eclipse Adoptium Java 17)
[debug] Load.defaultLoad until apply took 123.479901ms
[debug]           Load.loadUnit: plugins took 94.2455ms
[debug]           Load.loadUnit: defsScala took 0.3999ms
[debug] [Loading] Scanning directory D:\Onedrive\OneDrive - AL-Hussien bin Abdullah Technical University\0-\Desktop\Codes\Pipeline\project
[debug]             Load.loadUnit: mkEval took 22.7133ms
[debug] [Loading] Found non-root projects 
[debug] [Loading] Done in D:\Onedrive\OneDrive - AL-Hussien bin Abdullah Technical University\0-\Desktop\Codes\Pipeline\project, returning: ()
[debug] deducing auto plugins based on known facts Set(Atom(sbt.plugins.CorePlugin)) and clauses Clauses(Clause(Atom(sbt.plugins.JvmPlugin),Set(Atom(sbt.plugins.IvyPlugin)))
[debug] Clause(Atom(sbt.ScriptedPlugin),Set(Atom(sbt.plugins.JvmPlugin)))
[debug] Clause(Atom(sbt.plugins.SbtPlugin),Set(Atom(sbt.ScriptedPlugin)))
[debug] Clause(Atom(sbt.plugins.SemanticdbPlugin),Set(Atom(sbt.plugins.JvmPlugin)))
[debug] Clause(Atom(sbt.plugins.JUnitXmlReportPlugin),Set(Atom(sbt.plugins.JvmPlugin)))
[debug] Clause(Atom(sbt.plugins.MiniDependencyTreePlugin),Set(Atom(sbt.plugins.JvmPlugin)))
[debug] Clause(Atom(sbt.plugins.CorePlugin),Set(Atom(sbt.plugins.IvyPlugin)))
[debug] Clause(Atom(sbt.plugins.IvyPlugin),Set(Atom(sbt.plugins.JvmPlugin)))
[debug] Clause(Atom(sbt.plugins.JvmPlugin),Set(Atom(sbt.plugins.SemanticdbPlugin)))
[debug] Clause(Atom(sbt.plugins.JvmPlugin),Set(Atom(sbt.plugins.JUnitXmlReportPlugin)))
[debug] Clause(Atom(sbt.plugins.CorePlugin),Set(Atom(sbt.plugins.Giter8TemplatePlugin)))
[debug] Clause(Atom(sbt.plugins.JvmPlugin),Set(Atom(sbt.plugins.MiniDependencyTreePlugin))))
[debug]   :: deduced result: Matched(sbt.plugins.CorePlugin,sbt.plugins.Giter8TemplatePlugin,sbt.plugins.IvyPlugin,sbt.plugins.JvmPlugin,sbt.plugins.MiniDependencyTreePlugin,sbt.plugins.JUnitXmlReportPlugin,sbt.plugins.SemanticdbPlugin)
[debug] Plugins.deducer#function took 13.6246 ms
[info] loading settings for project pipeline-build from idea.sbt ...
[debug]               Load.resolveProject(pipeline-build) took 36.9889ms
[debug]             Load.loadTransitive: finalizeProject(Project(id pipeline-build, base: D:\Onedrive\OneDrive - AL-Hussien bin Abdullah Technical University\0-\Desktop\Codes\Pipeline\project, plugins: List(<none>))) took 56.9346ms
[debug] [Loading] Done in D:\Onedrive\OneDrive - AL-Hussien bin Abdullah Technical University\0-\Desktop\Codes\Pipeline\project, returning: (pipeline-build)
[debug]           Load.loadUnit: loadedProjectsRaw took 2213.7838ms
[debug]           Load.loadUnit: cleanEvalClasses took 7.506201ms
[debug]         Load.loadUnit(file:/D:/Onedrive/OneDrive%20-%20AL-Hussien%20bin%20Abdullah%20Technical%20University/0-/Desktop/Codes/Pipeline/project/, ...) took 2322.8604ms
[debug]       Load.apply: load took 2430.750699ms
[debug]       Load.apply: resolveProjects took 6.3857ms
[debug]       Load.apply: finalTransforms took 49.039099ms
[debug]       Load.apply: config.delegates took 5.068ms
[debug]       Load.apply: Def.make(settings)... took 374.0503ms
[debug]       Load.apply: structureIndex took 89.648299ms
[debug]       Load.apply: mkStreams took 1.293001ms
[info] loading project definition from D:\Onedrive\OneDrive - AL-Hussien bin Abdullah Technical University\0-\Desktop\Codes\Pipeline\project
[debug] Running task... Cancel: Signal, check cycles: false, forcegc: true
[debug]     Load.loadUnit: plugins took 4587.8644ms
[debug]     Load.loadUnit: defsScala took 0.0024ms
[debug] [Loading] Scanning directory D:\Onedrive\OneDrive - AL-Hussien bin Abdullah Technical University\0-\Desktop\Codes\Pipeline
[debug]       Load.loadUnit: mkEval took 0.191999ms
[debug] [Loading] Found root project root w/ remaining 
[debug] deducing auto plugins based on known facts Set(Atom(sbt.plugins.CorePlugin)) and clauses Clauses(Clause(Atom(sbt.plugins.JvmPlugin),Set(Atom(sbt.plugins.IvyPlugin)))
[debug] Clause(Atom(sbt.ScriptedPlugin),Set(Atom(sbt.plugins.JvmPlugin)))
[debug] Clause(Atom(sbt.plugins.SbtPlugin),Set(Atom(sbt.ScriptedPlugin)))
[debug] Clause(Atom(sbt.plugins.SemanticdbPlugin),Set(Atom(sbt.plugins.JvmPlugin)))
[debug] Clause(Atom(sbt.plugins.JUnitXmlReportPlugin),Set(Atom(sbt.plugins.JvmPlugin)))
[debug] Clause(Atom(sbt.plugins.MiniDependencyTreePlugin),Set(Atom(sbt.plugins.JvmPlugin)))
[debug] Clause(Atom(org.jetbrains.sbt.StructurePlugin),Set(Atom(sbt.plugins.JvmPlugin)))
[debug] Clause(Atom(org.jetbrains.sbt.IdeaShellPlugin),Set(Atom(sbt.plugins.JvmPlugin)))
[debug] Clause(Atom(org.jetbrains.sbt.indices.SbtIntellijIndicesPlugin),Set(Atom(sbt.plugins.JvmPlugin)))
[debug] Clause(Atom(sbt.plugins.CorePlugin),Set(Atom(sbt.plugins.IvyPlugin)))
[debug] Clause(Atom(sbt.plugins.IvyPlugin),Set(Atom(sbt.plugins.JvmPlugin)))
[debug] Clause(Atom(sbt.plugins.JvmPlugin),Set(Atom(sbt.plugins.SemanticdbPlugin)))
[debug] Clause(Atom(sbt.plugins.JvmPlugin),Set(Atom(sbt.plugins.JUnitXmlReportPlugin)))
[debug] Clause(Atom(sbt.plugins.CorePlugin),Set(Atom(sbt.plugins.Giter8TemplatePlugin)))
[debug] Clause(Atom(sbt.plugins.JvmPlugin),Set(Atom(sbt.plugins.MiniDependencyTreePlugin)))
[debug] Clause(Atom(sbt.plugins.JvmPlugin),Set(Atom(org.jetbrains.sbt.StructurePlugin)))
[debug] Clause(Atom(sbt.plugins.JvmPlugin),Set(Atom(org.jetbrains.sbt.IdeaShellPlugin)))
[debug] Clause(And(Set(Atom(sbt.plugins.CorePlugin), Atom(sbt.plugins.JvmPlugin))),Set(Atom(org.jetbrains.sbt.indices.SbtIntellijIndicesPlugin))))
[debug]   :: deduced result: Matched(sbt.plugins.CorePlugin,sbt.plugins.Giter8TemplatePlugin,sbt.plugins.IvyPlugin,sbt.plugins.JvmPlugin,sbt.plugins.SemanticdbPlugin,org.jetbrains.sbt.indices.SbtIntellijIndicesPlugin,sbt.plugins.JUnitXmlReportPlugin,org.jetbrains.sbt.IdeaShellPlugin,org.jetbrains.sbt.StructurePlugin,sbt.plugins.MiniDependencyTreePlugin)
[debug] Plugins.deducer#function took 1.5766 ms
[info] loading settings for project root from build.sbt ...
[debug]         Load.resolveProject(root) took 29.515501ms
[debug]       Load.loadTransitive: finalizeProject(Project(id root, base: D:\Onedrive\OneDrive - AL-Hussien bin Abdullah Technical University\0-\Desktop\Codes\Pipeline, plugins: List(<none>))) took 32.7751ms
[debug] [Loading] Done in D:\Onedrive\OneDrive - AL-Hussien bin Abdullah Technical University\0-\Desktop\Codes\Pipeline, returning: (root)
[debug]     Load.loadUnit: loadedProjectsRaw took 1583.455299ms
[debug]     Load.loadUnit: cleanEvalClasses took 33.1162ms
[debug]   Load.loadUnit(file:/D:/Onedrive/OneDrive%20-%20AL-Hussien%20bin%20Abdullah%20Technical%20University/0-/Desktop/Codes/Pipeline/, ...) took 6206.254101ms
[debug] Load.apply: load took 6226.273ms
[debug] Load.apply: resolveProjects took 0.1851ms
[debug] Load.apply: finalTransforms took 27.4149ms
[debug] Load.apply: config.delegates took 0.465901ms
[debug] Load.apply: Def.make(settings)... took 66.6469ms
[debug] Load.apply: structureIndex took 22.3917ms
[debug] Load.apply: mkStreams took 0.001601ms
[info] set current project to Pipeline (in build file:/D:/Onedrive/OneDrive%20-%20AL-Hussien%20bin%20Abdullah%20Technical%20University/0-/Desktop/Codes/Pipeline/)
[debug] > Exec(sbtPopOnFailure, None, None)
[debug] > Exec(resumeFromFailure, None, None)
[debug] > Exec(notifyUsersAboutShell, None, None)
[debug] > Exec(iflast shell, None, None)
[debug] > Exec(; set ideaPort in Global := 50071 ; idea-shell, None, None)
[debug] > Exec(set ideaPort in Global := 50071, None, None)
[info] Defining Global / ideaPort
[info] The new value will be used by Compile / compile, Test / compile
[debug] Defining 
[debug] 	Global / ideaPort
[debug] 
[debug] The new value will be used by 
[debug] 	Compile / compile
[debug] 	Test / compile
[info] Reapplying settings...
[info] set current project to Pipeline (in build file:/D:/Onedrive/OneDrive%20-%20AL-Hussien%20bin%20Abdullah%20Technical%20University/0-/Desktop/Codes/Pipeline/)
[debug] > Exec(idea-shell, None, None)
