[debug] > Exec(reload, None, None)
[debug] > Exec(sbtStashOnFailure, None, None)
[debug] > Exec(onFailure loadFailed, None, None)
[debug] > Exec(loadp, None, None)
[info] welcome to sbt 1.10.0 (Eclipse Adoptium Java 17)
[debug]                   Load.defaultLoad until apply took 1.7784ms
[debug]                             Load.loadUnit: plugins took 17.5667ms
[debug]                             Load.loadUnit: defsScala took 0.0026ms
[debug] [Loading] Scanning directory D:\Onedrive\OneDrive - AL-Hussien bin Abdullah Technical University\0-\Desktop\Codes\Pipeline\project
[debug]                               Load.loadUnit: mkEval took 0.2067ms
[debug] [Loading] Found non-root projects 
[debug] [Loading] Done in D:\Onedrive\OneDrive - AL-Hussien bin Abdullah Technical University\0-\Desktop\Codes\Pipeline\project, returning: ()
[debug] deducing auto plugins based on known facts Set(Atom(sbt.plugins.CorePlugin)) and clauses Clauses(Clause(Atom(sbt.plugins.JvmPlugin),Set(Atom(sbt.plugins.IvyPlugin)))
[debug] Clause(Atom(sbt.ScriptedPlugin),Set(Atom(sbt.plugins.JvmPlugin)))
[debug] Clause(Atom(sbt.plugins.SbtPlugin),Set(Atom(sbt.ScriptedPlugin)))
[debug] Clause(Atom(sbt.plugins.SemanticdbPlugin),Set(Atom(sbt.plugins.JvmPlugin)))
[debug] Clause(Atom(sbt.plugins.JUnitXmlReportPlugin),Set(Atom(sbt.plugins.JvmPlugin)))
[debug] Clause(Atom(sbt.plugins.MiniDependencyTreePlugin),Set(Atom(sbt.plugins.JvmPlugin)))
[debug] Clause(Atom(sbt.plugins.CorePlugin),Set(Atom(sbt.plugins.IvyPlugin)))
[debug] Clause(Atom(sbt.plugins.IvyPlugin),Set(Atom(sbt.plugins.JvmPlugin)))
[debug] Clause(Atom(sbt.plugins.JvmPlugin),Set(Atom(sbt.plugins.SemanticdbPlugin)))
[debug] Clause(Atom(sbt.plugins.JvmPlugin),Set(Atom(sbt.plugins.JUnitXmlReportPlugin)))
[debug] Clause(Atom(sbt.plugins.CorePlugin),Set(Atom(sbt.plugins.Giter8TemplatePlugin)))
[debug] Clause(Atom(sbt.plugins.JvmPlugin),Set(Atom(sbt.plugins.MiniDependencyTreePlugin))))
[debug]   :: deduced result: Matched(sbt.plugins.CorePlugin,sbt.plugins.Giter8TemplatePlugin,sbt.plugins.IvyPlugin,sbt.plugins.JvmPlugin,sbt.plugins.MiniDependencyTreePlugin,sbt.plugins.JUnitXmlReportPlugin,sbt.plugins.SemanticdbPlugin)
[debug] Plugins.deducer#function took 0.7718 ms
[info] loading settings for project pipeline-build from Plugins.sbt,idea5.sbt ...
[debug]                                 Load.resolveProject(pipeline-build) took 3.2393ms
[debug]                               Load.loadTransitive: finalizeProject(Project(id pipeline-build, base: D:\Onedrive\OneDrive - AL-Hussien bin Abdullah Technical University\0-\Desktop\Codes\Pipeline\project, plugins: List(<none>))) took 4.2935ms
[debug] [Loading] Done in D:\Onedrive\OneDrive - AL-Hussien bin Abdullah Technical University\0-\Desktop\Codes\Pipeline\project, returning: (pipeline-build)
[debug]                             Load.loadUnit: loadedProjectsRaw took 28.3316ms
[debug]                             Load.loadUnit: cleanEvalClasses took 5.5996ms
[debug]                           Load.loadUnit(file:/D:/Onedrive/OneDrive%20-%20AL-Hussien%20bin%20Abdullah%20Technical%20University/0-/Desktop/Codes/Pipeline/project/, ...) took 52.148ms
[debug]                         Load.apply: load took 53.1565ms
[debug]                         Load.apply: resolveProjects took 0.0722ms
[debug]                         Load.apply: finalTransforms took 15.0354ms
[debug]                         Load.apply: config.delegates took 0.2642ms
[debug]                         Load.apply: Def.make(settings)... took 47.7883ms
[debug]                         Load.apply: structureIndex took 15.6262ms
[debug]                         Load.apply: mkStreams took 0.0025ms
[info] loading project definition from D:\Onedrive\OneDrive - AL-Hussien bin Abdullah Technical University\0-\Desktop\Codes\Pipeline\project
[debug] Running task... Cancel: Signal, check cycles: false, forcegc: true
[debug]                       Load.loadUnit: plugins took 284.2034ms
[debug]                       Load.loadUnit: defsScala took 0.006ms
[debug] [Loading] Scanning directory D:\Onedrive\OneDrive - AL-Hussien bin Abdullah Technical University\0-\Desktop\Codes\Pipeline
[debug]                         Load.loadUnit: mkEval took 0.3985ms
[error] [D:\Onedrive\OneDrive - AL-Hussien bin Abdullah Technical University\0-\Desktop\Codes\Pipeline\build.sbt]:11: ')' expected but string literal found.
[debug] > Exec(loadFailed, None, None)
[warn] Project loading failed: (r)etry, (q)uit, (l)ast, or (i)gnore? (default: r)
[warn] Project loading failed: (r)etry, (q)uit, (l)ast, or (i)gnore? (default: r)
